<?xml version="1.0" encoding="UTF-8"?>
<!-- Generated by org.testng.reporters.JUnitReportReporter -->
<testsuite hostname="admin-PC" name="pkg.Register" tests="1" failures="0" timestamp="22 Dec 2019 07:02:46 GMT" time="0.589" errors="0">
  <testcase name="registerPage" time="0.589" classname="pkg.Register"/>
</testsuite> <!-- pkg.Register -->
